<?xml version="1.0" encoding="UTF-8"?>
<!-- Generated by org.testng.reporters.JUnitReportReporter -->
<testsuite hostname="Priyanshi" failures="0" tests="1" name="com.Bookings.Members.testCases.TC_Invite" time="51.762" errors="0" timestamp="2024-04-11T12:12:40 IST" skipped="0">
  <testcase classname="com.Bookings.Members.testCases.TC_Invite" name="invite" time="51.762"/>
  <system-out/>
</testsuite> <!-- com.Bookings.Members.testCases.TC_Invite -->
