<?xml version="1.0" encoding="UTF-8"?>
<!-- Generated by org.testng.reporters.JUnitReportReporter -->
<testsuite hostname="Priyanshi" failures="0" tests="1" name="com.webOrufy.testCases.TC_Login" time="0.912" errors="0" timestamp="2024-04-09T21:25:03 IST" skipped="0">
  <testcase classname="com.webOrufy.testCases.TC_Login" name="loginTest" time="0.912"/>
  <system-out/>
</testsuite> <!-- com.webOrufy.testCases.TC_Login -->
