<?xml version="1.0" encoding="UTF-8"?>
<!-- Generated by org.testng.reporters.JUnitReportReporter -->
<testsuite hostname="Priyanshi" failures="0" tests="1" name="com.webOrufy.testCases.TestMail$AppTest" time="1.669" errors="0" timestamp="2024-04-08T12:53:23 IST" skipped="0">
  <testcase classname="com.webOrufy.testCases.TestMail$AppTest" name="testMailExample" time="1.669"/>
  <system-out/>
</testsuite> <!-- com.webOrufy.testCases.TestMail$AppTest -->
