<?xml version="1.0" encoding="UTF-8"?>
<!-- Generated by org.testng.reporters.JUnitReportReporter -->
<testsuite hostname="Priyanshi" failures="0" tests="1" name="com.Bookings.meetingTypes.testCases.TC_CreateMeeting" time="38.073" errors="0" timestamp="2024-05-24T11:09:22 IST" skipped="0">
  <testcase classname="com.Bookings.meetingTypes.testCases.TC_CreateMeeting" name="create" time="38.073"/>
  <system-out/>
</testsuite> <!-- com.Bookings.meetingTypes.testCases.TC_CreateMeeting -->
