<?xml version="1.0" encoding="UTF-8"?>
<!-- Generated by org.testng.reporters.JUnitReportReporter -->
<testsuite hostname="Priyanshi" failures="0" tests="1" name="com.Bookings.Branding.testCases.TC_ByDefaultValues" time="14.751" errors="0" timestamp="2024-04-11T16:45:58 IST" skipped="0">
  <testcase classname="com.Bookings.Branding.testCases.TC_ByDefaultValues" name="defaultValues" time="14.751"/>
  <system-out/>
</testsuite> <!-- com.Bookings.Branding.testCases.TC_ByDefaultValues -->
