<?xml version="1.0" encoding="UTF-8"?>
<!-- Generated by org.testng.reporters.JUnitReportReporter -->
<testsuite hostname="Priyanshi" failures="0" tests="1" name="com.Bookings.Members.testCases.TC_InviteExisting" time="33.735" errors="0" timestamp="2024-04-11T12:35:16 IST" skipped="0">
  <testcase classname="com.Bookings.Members.testCases.TC_InviteExisting" name="inviteExisting" time="33.735"/>
  <system-out/>
</testsuite> <!-- com.Bookings.Members.testCases.TC_InviteExisting -->
