<?xml version="1.0" encoding="UTF-8"?>
<!-- Generated by org.testng.reporters.JUnitReportReporter -->
<testsuite hostname="Priyanshi" failures="0" tests="1" name="com.Bookings.meetingTypes.testCases.TC_ShareMeetingLink" time="25.182" errors="0" timestamp="2024-05-24T12:08:33 IST" skipped="0">
  <testcase classname="com.Bookings.meetingTypes.testCases.TC_ShareMeetingLink" name="share" time="25.182"/>
  <system-out/>
</testsuite> <!-- com.Bookings.meetingTypes.testCases.TC_ShareMeetingLink -->
