<?xml version="1.0" encoding="UTF-8"?>
<!-- Generated by org.testng.reporters.JUnitReportReporter -->
<testsuite hostname="Priyanshi" failures="0" tests="1" name="com.Bookings.ProfilePage.testCases.TC_UploadPicture" time="21.516" errors="0" timestamp="2024-04-10T12:58:14 IST" skipped="0">
  <testcase classname="com.Bookings.ProfilePage.testCases.TC_UploadPicture" name="fieldValue" time="21.516"/>
  <system-out/>
</testsuite> <!-- com.Bookings.ProfilePage.testCases.TC_UploadPicture -->
