<?xml version="1.0" encoding="UTF-8"?>
<!-- Generated by org.testng.reporters.JUnitReportReporter -->
<testsuite hostname="Priyanshi" failures="0" tests="1" name="com.Bookings.meetingTypes.testCases.TC_MeetingDisabled" time="20.012" errors="0" timestamp="2024-05-24T14:44:29 IST" skipped="0">
  <testcase classname="com.Bookings.meetingTypes.testCases.TC_MeetingDisabled" name="disable" time="20.012"/>
  <system-out/>
</testsuite> <!-- com.Bookings.meetingTypes.testCases.TC_MeetingDisabled -->
