<?xml version="1.0" encoding="UTF-8"?>
<!-- Generated by org.testng.reporters.JUnitReportReporter -->
<testsuite hostname="Priyanshi" failures="0" tests="1" name="com.Bookings.meetingTypes.testCases.TC_DeleteMeetingType" time="22.745" errors="0" timestamp="2024-05-24T14:29:21 IST" skipped="0">
  <testcase classname="com.Bookings.meetingTypes.testCases.TC_DeleteMeetingType" name="delete" time="22.745"/>
  <system-out/>
</testsuite> <!-- com.Bookings.meetingTypes.testCases.TC_DeleteMeetingType -->
