<?xml version="1.0" encoding="UTF-8"?>
<!-- Generated by org.testng.reporters.JUnitReportReporter -->
<testsuite hostname="Priyanshi" failures="0" tests="1" name="com.Bookings.ProfilePage.testCases.TC_DefaultFieldContent" time="15.428" errors="0" timestamp="2024-04-10T12:13:09 IST" skipped="0">
  <testcase classname="com.Bookings.ProfilePage.testCases.TC_DefaultFieldContent" name="fieldValue" time="15.428"/>
  <system-out/>
</testsuite> <!-- com.Bookings.ProfilePage.testCases.TC_DefaultFieldContent -->
