<?xml version="1.0" encoding="UTF-8"?>
<!-- Generated by org.testng.reporters.JUnitReportReporter -->
<testsuite hostname="Priyanshi" failures="0" tests="1" name="com.Bookings.Members.testCases.TC_invalidEmail" time="33.672" errors="0" timestamp="2024-04-11T12:24:45 IST" skipped="0">
  <testcase classname="com.Bookings.Members.testCases.TC_invalidEmail" name="invalidEmail" time="33.672"/>
  <system-out/>
</testsuite> <!-- com.Bookings.Members.testCases.TC_invalidEmail -->
